0 info it worked if it ends with ok
1 verbose cli [ 'C:\\Program Files\\nodejs\\node.exe',
1 verbose cli   'C:\\Program Files\\nodejs\\node_modules\\npm\\bin\\npm-cli.js',
1 verbose cli   'install' ]
2 info using npm@3.10.9
3 info using node@v6.9.2
4 silly loadCurrentTree Starting
5 silly install loadCurrentTree
6 silly install readLocalPackageData
7 silly install normalizeTree
8 silly loadCurrentTree Finishing
9 silly loadIdealTree Starting
10 silly install loadIdealTree
11 silly cloneCurrentTree Starting
12 silly install cloneCurrentTreeToIdealTree
13 silly cloneCurrentTree Finishing
14 silly loadShrinkwrap Starting
15 silly install loadShrinkwrap
16 silly loadShrinkwrap Finishing
17 silly loadAllDepsIntoIdealTree Starting
18 silly install loadAllDepsIntoIdealTree
19 silly fetchNamedPackageData zone.js
20 silly mapToRegistry name zone.js
21 silly mapToRegistry using default registry
22 silly mapToRegistry registry https://registry.npmjs.org/
23 silly mapToRegistry data Result {
23 silly mapToRegistry   raw: 'zone.js',
23 silly mapToRegistry   scope: null,
23 silly mapToRegistry   escapedName: 'zone.js',
23 silly mapToRegistry   name: 'zone.js',
23 silly mapToRegistry   rawSpec: '',
23 silly mapToRegistry   spec: 'latest',
23 silly mapToRegistry   type: 'tag' }
24 silly mapToRegistry uri https://registry.npmjs.org/zone.js
25 verbose get https://registry.npmjs.org/zone.js not expired, no request
26 silly resolveWithNewModule zone.js@0.5.11 checking installable status
27 silly cache add args [ 'zone.js@0.5.11', null ]
28 verbose cache add spec zone.js@0.5.11
29 silly cache add parsed spec Result {
29 silly cache add   raw: 'zone.js@0.5.11',
29 silly cache add   scope: null,
29 silly cache add   escapedName: 'zone.js',
29 silly cache add   name: 'zone.js',
29 silly cache add   rawSpec: '0.5.11',
29 silly cache add   spec: '0.5.11',
29 silly cache add   type: 'version' }
30 silly addNamed zone.js@0.5.11
31 verbose addNamed "0.5.11" is a plain semver version for zone.js
32 silly mapToRegistry name zone.js
33 silly mapToRegistry using default registry
34 silly mapToRegistry registry https://registry.npmjs.org/
35 silly mapToRegistry data Result {
35 silly mapToRegistry   raw: 'zone.js',
35 silly mapToRegistry   scope: null,
35 silly mapToRegistry   escapedName: 'zone.js',
35 silly mapToRegistry   name: 'zone.js',
35 silly mapToRegistry   rawSpec: '',
35 silly mapToRegistry   spec: 'latest',
35 silly mapToRegistry   type: 'tag' }
36 silly mapToRegistry uri https://registry.npmjs.org/zone.js
37 verbose addNameVersion registry:https://registry.npmjs.org/zone.js not in flight; fetching
38 verbose get https://registry.npmjs.org/zone.js not expired, no request
39 silly cache afterAdd zone.js@0.5.11
40 verbose afterAdd C:\Users\sarnphamornsuwana\AppData\Roaming\npm-cache\zone.js\0.5.11\package\package.json not in flight; writing
41 verbose correctMkdir C:\Users\sarnphamornsuwana\AppData\Roaming\npm-cache correctMkdir not in flight; initializing
42 verbose afterAdd C:\Users\sarnphamornsuwana\AppData\Roaming\npm-cache\zone.js\0.5.11\package\package.json written
43 silly fetchNamedPackageData fsevents
44 silly mapToRegistry name fsevents
45 silly mapToRegistry using default registry
46 silly mapToRegistry registry https://registry.npmjs.org/
47 silly mapToRegistry data Result {
47 silly mapToRegistry   raw: 'fsevents',
47 silly mapToRegistry   scope: null,
47 silly mapToRegistry   escapedName: 'fsevents',
47 silly mapToRegistry   name: 'fsevents',
47 silly mapToRegistry   rawSpec: '',
47 silly mapToRegistry   spec: 'latest',
47 silly mapToRegistry   type: 'tag' }
48 silly mapToRegistry uri https://registry.npmjs.org/fsevents
49 verbose get https://registry.npmjs.org/fsevents not expired, no request
50 silly resolveWithNewModule fsevents@1.1.2 checking installable status
51 silly loadAllDepsIntoIdealTree Finishing
52 silly loadIdealTree Finishing
53 silly currentTree angular2-tutsplus@1.0.0
53 silly currentTree +-- abbrev@1.1.1
53 silly currentTree +-- accepts@1.3.4
53 silly currentTree +-- after@0.8.1
53 silly currentTree +-- agent-base@2.1.1
53 silly currentTree | `-- semver@5.0.3
53 silly currentTree +-- ajv@4.11.8
53 silly currentTree +-- angular2@2.0.0-beta.3
53 silly currentTree +-- ansi-escapes@1.4.0
53 silly currentTree +-- ansi-regex@0.2.1
53 silly currentTree +-- ansi-styles@1.1.0
53 silly currentTree +-- any-promise@1.3.0
53 silly currentTree +-- anymatch@1.3.2
53 silly currentTree +-- archy@1.0.0
53 silly currentTree +-- arr-diff@2.0.0
53 silly currentTree +-- arr-flatten@1.1.0
53 silly currentTree +-- array-uniq@1.0.3
53 silly currentTree +-- array-unique@0.2.1
53 silly currentTree +-- arraybuffer.slice@0.0.6
53 silly currentTree +-- arrify@1.0.1
53 silly currentTree +-- asn1@0.2.3
53 silly currentTree +-- assert-plus@0.2.0
53 silly currentTree +-- async-each-series@0.1.1
53 silly currentTree +-- async-each@1.0.1
53 silly currentTree +-- async@1.5.2
53 silly currentTree +-- asynckit@0.4.0
53 silly currentTree +-- aws-sign2@0.6.0
53 silly currentTree +-- aws4@1.6.0
53 silly currentTree +-- backo2@1.0.2
53 silly currentTree +-- balanced-match@1.0.0
53 silly currentTree +-- base64-arraybuffer@0.1.5
53 silly currentTree +-- base64id@0.1.0
53 silly currentTree +-- batch@0.5.3
53 silly currentTree +-- bcrypt-pbkdf@1.0.1
53 silly currentTree +-- better-assert@1.0.2
53 silly currentTree +-- binary-extensions@1.10.0
53 silly currentTree +-- blob@0.0.4
53 silly currentTree +-- bluebird@2.9.6
53 silly currentTree +-- boom@2.10.1
53 silly currentTree +-- boxen@0.3.1
53 silly currentTree | +-- ansi-regex@2.1.1
53 silly currentTree | +-- ansi-styles@2.2.1
53 silly currentTree | +-- chalk@1.1.3
53 silly currentTree | +-- has-ansi@2.0.0
53 silly currentTree | +-- strip-ansi@3.0.1
53 silly currentTree | `-- supports-color@2.0.0
53 silly currentTree +-- brace-expansion@1.1.8
53 silly currentTree +-- braces@1.8.5
53 silly currentTree +-- browser-sync-client@2.5.1
53 silly currentTree +-- browser-sync-ui@0.6.3
53 silly currentTree +-- browser-sync@2.18.13
53 silly currentTree | `-- rx@4.1.0
53 silly currentTree +-- bs-recipes@1.3.4
53 silly currentTree +-- builtin-modules@1.1.1
53 silly currentTree +-- callsite@1.0.0
53 silly currentTree +-- camelcase@1.2.1
53 silly currentTree +-- capture-stack-trace@1.0.0
53 silly currentTree +-- caseless@0.12.0
53 silly currentTree +-- chalk@0.5.1
53 silly currentTree +-- chokidar@1.7.0
53 silly currentTree +-- cli-cursor@1.0.2
53 silly currentTree +-- cli-width@2.2.0
53 silly currentTree +-- cliui@3.2.0
53 silly currentTree | +-- ansi-regex@2.1.1
53 silly currentTree | `-- strip-ansi@3.0.1
53 silly currentTree +-- clone@1.0.2
53 silly currentTree +-- co@4.6.0
53 silly currentTree +-- code-point-at@1.1.0
53 silly currentTree +-- columnify@1.5.4
53 silly currentTree | +-- ansi-regex@2.1.1
53 silly currentTree | `-- strip-ansi@3.0.1
53 silly currentTree +-- combined-stream@1.0.5
53 silly currentTree +-- commander@2.6.0
53 silly currentTree +-- component-bind@1.0.0
53 silly currentTree +-- component-emitter@1.1.2
53 silly currentTree +-- component-inherit@0.0.3
53 silly currentTree +-- concat-map@0.0.1
53 silly currentTree +-- concat-stream@1.6.0
53 silly currentTree +-- concurrently@1.0.0
53 silly currentTree +-- configstore@1.4.0
53 silly currentTree | +-- minimist@0.0.8
53 silly currentTree | +-- mkdirp@0.5.1
53 silly currentTree | `-- uuid@2.0.3
53 silly currentTree +-- connect-history-api-fallback@1.4.0
53 silly currentTree +-- connect-logger@0.0.1
53 silly currentTree +-- connect@3.5.0
53 silly currentTree +-- cookie@0.3.1
53 silly currentTree +-- core-util-is@1.0.2
53 silly currentTree +-- create-error-class@3.0.2
53 silly currentTree +-- cross-spawn@0.2.9
53 silly currentTree +-- cryptiles@2.0.5
53 silly currentTree +-- dashdash@1.14.1
53 silly currentTree | `-- assert-plus@1.0.0
53 silly currentTree +-- debug@2.2.0
53 silly currentTree +-- decamelize@1.2.0
53 silly currentTree +-- deep-extend@0.4.2
53 silly currentTree +-- defaults@1.0.3
53 silly currentTree +-- delayed-stream@1.0.0
53 silly currentTree +-- depd@1.1.1
53 silly currentTree +-- destroy@1.0.4
53 silly currentTree +-- detect-indent@4.0.0
53 silly currentTree +-- dev-ip@1.0.1
53 silly currentTree +-- dot-prop@3.0.0
53 silly currentTree +-- duplexer2@0.1.4
53 silly currentTree +-- easy-extender@2.3.2
53 silly currentTree | `-- lodash@3.10.1
53 silly currentTree +-- eazy-logger@3.0.2
53 silly currentTree +-- ecc-jsbn@0.1.1
53 silly currentTree +-- ee-first@1.1.1
53 silly currentTree +-- elegant-spinner@1.0.1
53 silly currentTree +-- emitter-steward@1.0.0
53 silly currentTree +-- encodeurl@1.0.1
53 silly currentTree +-- engine.io-client@1.8.0
53 silly currentTree | +-- component-emitter@1.2.1
53 silly currentTree | +-- debug@2.3.3
53 silly currentTree | `-- ms@0.7.2
53 silly currentTree +-- engine.io-parser@1.3.1
53 silly currentTree | +-- has-binary@0.1.6
53 silly currentTree | `-- isarray@0.0.1
53 silly currentTree +-- engine.io@1.8.0
53 silly currentTree | +-- accepts@1.3.3
53 silly currentTree | +-- debug@2.3.3
53 silly currentTree | `-- ms@0.7.2
53 silly currentTree +-- error-ex@1.3.1
53 silly currentTree +-- es6-module-loader@0.17.11
53 silly currentTree +-- es6-promise@3.3.1
53 silly currentTree +-- es6-shim@0.33.13
53 silly currentTree +-- escape-html@1.0.3
53 silly currentTree +-- escape-string-regexp@1.0.5
53 silly currentTree +-- etag@1.8.1
53 silly currentTree +-- eventemitter3@1.2.0
53 silly currentTree +-- exit-hook@1.1.1
53 silly currentTree +-- expand-brackets@0.1.5
53 silly currentTree +-- expand-range@1.8.2
53 silly currentTree +-- express@2.5.11
53 silly currentTree | +-- connect@1.9.2
53 silly currentTree | `-- qs@0.4.2
53 silly currentTree +-- extend@3.0.1
53 silly currentTree +-- extglob@0.3.2
53 silly currentTree +-- extsprintf@1.3.0
53 silly currentTree +-- figures@1.7.0
53 silly currentTree +-- filename-regex@2.0.1
53 silly currentTree +-- fill-range@2.2.3
53 silly currentTree +-- filled-array@1.1.0
53 silly currentTree +-- finalhandler@0.5.0
53 silly currentTree +-- find-up@1.1.2
53 silly currentTree +-- for-in@1.0.2
53 silly currentTree +-- for-own@0.1.5
53 silly currentTree +-- forever-agent@0.6.1
53 silly currentTree +-- form-data@2.1.4
53 silly currentTree +-- formidable@1.0.17
53 silly currentTree +-- fresh@0.3.0
53 silly currentTree +-- fs-extra@3.0.1
53 silly currentTree +-- fs.realpath@1.0.0
53 silly currentTree +-- function-bind@1.1.1
53 silly currentTree +-- get-caller-file@1.0.2
53 silly currentTree +-- getpass@0.1.7
53 silly currentTree | `-- assert-plus@1.0.0
53 silly currentTree +-- glob-base@0.3.0
53 silly currentTree +-- glob-parent@2.0.0
53 silly currentTree +-- glob@7.1.2
53 silly currentTree +-- got@5.7.1
53 silly currentTree +-- graceful-fs@4.1.11
53 silly currentTree +-- har-schema@1.0.5
53 silly currentTree +-- har-validator@4.2.1
53 silly currentTree +-- has-ansi@0.1.0
53 silly currentTree +-- has-binary@0.1.7
53 silly currentTree | `-- isarray@0.0.1
53 silly currentTree +-- has-cors@1.1.0
53 silly currentTree +-- has@1.0.1
53 silly currentTree +-- hawk@3.1.3
53 silly currentTree +-- hoek@2.16.3
53 silly currentTree +-- hosted-git-info@2.5.0
53 silly currentTree +-- http-errors@1.5.1
53 silly currentTree +-- http-proxy-agent@1.0.0
53 silly currentTree +-- http-proxy@1.15.2
53 silly currentTree +-- http-signature@1.1.1
53 silly currentTree +-- https-proxy-agent@1.0.0
53 silly currentTree +-- immutable@3.8.1
53 silly currentTree +-- imurmurhash@0.1.4
53 silly currentTree +-- indexof@0.0.1
53 silly currentTree +-- inflight@1.0.6
53 silly currentTree +-- inherits@2.0.3
53 silly currentTree +-- ini@1.3.4
53 silly currentTree +-- inquirer@0.12.0
53 silly currentTree | +-- ansi-regex@2.1.1
53 silly currentTree | +-- ansi-styles@2.2.1
53 silly currentTree | +-- chalk@1.1.3
53 silly currentTree | +-- has-ansi@2.0.0
53 silly currentTree | +-- lodash@4.17.4
53 silly currentTree | +-- strip-ansi@3.0.1
53 silly currentTree | `-- supports-color@2.0.0
53 silly currentTree +-- insight@0.7.0
53 silly currentTree | +-- ansi-regex@2.1.1
53 silly currentTree | +-- ansi-styles@2.2.1
53 silly currentTree | +-- chalk@1.1.3
53 silly currentTree | +-- cli-width@1.1.1
53 silly currentTree | +-- has-ansi@2.0.0
53 silly currentTree | +-- inquirer@0.10.1
53 silly currentTree | +-- lodash@3.10.1
53 silly currentTree | +-- strip-ansi@3.0.1
53 silly currentTree | `-- supports-color@2.0.0
53 silly currentTree +-- invariant@2.2.2
53 silly currentTree +-- invert-kv@1.0.0
53 silly currentTree +-- is-absolute@0.2.6
53 silly currentTree +-- is-arrayish@0.2.1
53 silly currentTree +-- is-binary-path@1.0.1
53 silly currentTree +-- is-buffer@1.1.5
53 silly currentTree +-- is-builtin-module@1.0.0
53 silly currentTree +-- is-dotfile@1.0.3
53 silly currentTree +-- is-equal-shallow@0.1.3
53 silly currentTree +-- is-extendable@0.1.1
53 silly currentTree +-- is-extglob@1.0.0
53 silly currentTree +-- is-finite@1.0.2
53 silly currentTree +-- is-fullwidth-code-point@1.0.0
53 silly currentTree +-- is-glob@2.0.1
53 silly currentTree +-- is-npm@1.0.0
53 silly currentTree +-- is-number-like@1.0.8
53 silly currentTree +-- is-number@2.1.0
53 silly currentTree +-- is-obj@1.0.1
53 silly currentTree +-- is-plain-obj@1.1.0
53 silly currentTree +-- is-posix-bracket@0.1.1
53 silly currentTree +-- is-primitive@2.0.0
53 silly currentTree +-- is-redirect@1.0.0
53 silly currentTree +-- is-relative@0.2.1
53 silly currentTree +-- is-retry-allowed@1.1.0
53 silly currentTree +-- is-stream@1.1.0
53 silly currentTree +-- is-typedarray@1.0.0
53 silly currentTree +-- is-unc-path@0.1.2
53 silly currentTree +-- is-utf8@0.2.1
53 silly currentTree +-- is-windows@0.2.0
53 silly currentTree +-- isarray@1.0.0
53 silly currentTree +-- isobject@2.1.0
53 silly currentTree +-- isstream@0.1.2
53 silly currentTree +-- js-tokens@3.0.2
53 silly currentTree +-- jsbn@0.1.1
53 silly currentTree +-- json-schema@0.2.3
53 silly currentTree +-- json-stable-stringify@1.0.1
53 silly currentTree +-- json-stringify-safe@5.0.1
53 silly currentTree +-- json3@3.3.2
53 silly currentTree +-- jsonfile@3.0.1
53 silly currentTree +-- jsonify@0.0.0
53 silly currentTree +-- jsprim@1.4.1
53 silly currentTree | `-- assert-plus@1.0.0
53 silly currentTree +-- kind-of@3.2.2
53 silly currentTree +-- latest-version@2.0.0
53 silly currentTree +-- lcid@1.0.0
53 silly currentTree +-- limiter@1.1.2
53 silly currentTree +-- listify@1.0.0
53 silly currentTree +-- lite-server@2.3.0
53 silly currentTree | `-- lodash@4.17.4
53 silly currentTree +-- load-json-file@1.1.0
53 silly currentTree +-- localtunnel@1.8.3
53 silly currentTree | +-- debug@2.6.8
53 silly currentTree | +-- ms@2.0.0
53 silly currentTree | `-- yargs@3.29.0
53 silly currentTree +-- lockfile@1.0.3
53 silly currentTree +-- lodash._getnative@3.9.1
53 silly currentTree +-- lodash.debounce@3.1.1
53 silly currentTree +-- lodash.isfinite@3.3.2
53 silly currentTree +-- lodash@3.1.0
53 silly currentTree +-- log-update@1.0.2
53 silly currentTree +-- loose-envify@1.3.1
53 silly currentTree +-- lowercase-keys@1.0.0
53 silly currentTree +-- lru-cache@2.7.3
53 silly currentTree +-- make-error-cause@1.2.2
53 silly currentTree +-- make-error@1.3.0
53 silly currentTree +-- methods@1.1.2
53 silly currentTree +-- micromatch@2.3.11
53 silly currentTree +-- mime-db@1.30.0
53 silly currentTree +-- mime-types@2.1.17
53 silly currentTree +-- mime@1.2.4
53 silly currentTree +-- minimatch@3.0.4
53 silly currentTree +-- minimist@1.2.0
53 silly currentTree +-- mkdirp@0.3.0
53 silly currentTree +-- moment@2.19.1
53 silly currentTree +-- ms@0.7.1
53 silly currentTree +-- mute-stream@0.0.5
53 silly currentTree +-- negotiator@0.6.1
53 silly currentTree +-- node-status-codes@1.0.0
53 silly currentTree +-- nopt@3.0.6
53 silly currentTree +-- normalize-package-data@2.4.0
53 silly currentTree +-- normalize-path@2.1.1
53 silly currentTree +-- number-is-nan@1.0.1
53 silly currentTree +-- oauth-sign@0.8.2
53 silly currentTree +-- object-assign@4.1.1
53 silly currentTree +-- object-component@0.0.3
53 silly currentTree +-- object-path@0.9.2
53 silly currentTree +-- object.omit@2.0.1
53 silly currentTree +-- object.pick@1.3.0
53 silly currentTree | `-- isobject@3.0.1
53 silly currentTree +-- on-finished@2.3.0
53 silly currentTree +-- once@1.4.0
53 silly currentTree +-- onetime@1.1.0
53 silly currentTree +-- openurl@1.1.1
53 silly currentTree +-- opn@4.0.2
53 silly currentTree +-- options@0.0.6
53 silly currentTree +-- os-homedir@1.0.2
53 silly currentTree +-- os-locale@1.4.0
53 silly currentTree +-- os-name@1.0.3
53 silly currentTree +-- os-tmpdir@1.0.2
53 silly currentTree +-- osenv@0.1.4
53 silly currentTree +-- osx-release@1.1.0
53 silly currentTree +-- package-json@2.4.0
53 silly currentTree +-- parse-glob@3.0.4
53 silly currentTree +-- parse-json@2.2.0
53 silly currentTree +-- parsejson@0.0.3
53 silly currentTree +-- parseqs@0.0.5
53 silly currentTree +-- parseuri@0.0.5
53 silly currentTree +-- parseurl@1.3.2
53 silly currentTree +-- path-exists@2.1.0
53 silly currentTree +-- path-is-absolute@1.0.1
53 silly currentTree +-- path-type@1.1.0
53 silly currentTree +-- performance-now@0.2.0
53 silly currentTree +-- pify@2.3.0
53 silly currentTree +-- pinkie-promise@2.0.1
53 silly currentTree +-- pinkie@2.0.4
53 silly currentTree +-- popsicle-proxy-agent@1.0.0
53 silly currentTree +-- popsicle-retry@1.0.1
53 silly currentTree +-- popsicle-status@1.0.2
53 silly currentTree +-- popsicle@4.0.0
53 silly currentTree | +-- async@0.9.2
53 silly currentTree | +-- combined-stream@0.0.7
53 silly currentTree | +-- delayed-stream@0.0.5
53 silly currentTree | +-- form-data@0.2.0
53 silly currentTree | +-- mime-db@1.12.0
53 silly currentTree | `-- mime-types@2.0.14
53 silly currentTree +-- portscanner@2.1.1
53 silly currentTree +-- prepend-http@1.0.4
53 silly currentTree +-- preserve@0.2.0
53 silly currentTree +-- process-nextick-args@1.0.7
53 silly currentTree +-- promise-finally@2.2.1
53 silly currentTree +-- punycode@1.4.1
53 silly currentTree +-- qs@6.2.1
53 silly currentTree +-- randomatic@1.1.7
53 silly currentTree | +-- is-number@3.0.0
53 silly currentTree | | `-- kind-of@3.2.2
53 silly currentTree | `-- kind-of@4.0.0
53 silly currentTree +-- range-parser@1.2.0
53 silly currentTree +-- rc@1.2.2
53 silly currentTree +-- read-all-stream@3.1.0
53 silly currentTree +-- read-pkg-up@1.0.1
53 silly currentTree +-- read-pkg@1.1.0
53 silly currentTree +-- readable-stream@2.3.3
53 silly currentTree +-- readdirp@2.1.0
53 silly currentTree +-- readline2@1.0.1
53 silly currentTree +-- reflect-metadata@0.1.2
53 silly currentTree +-- regex-cache@0.4.4
53 silly currentTree +-- registry-auth-token@3.3.1
53 silly currentTree +-- registry-url@3.1.0
53 silly currentTree +-- remove-trailing-separator@1.1.0
53 silly currentTree +-- repeat-element@1.1.2
53 silly currentTree +-- repeat-string@1.6.1
53 silly currentTree +-- repeating@2.0.1
53 silly currentTree +-- request@2.81.0
53 silly currentTree | `-- qs@6.4.0
53 silly currentTree +-- require-directory@2.1.1
53 silly currentTree +-- require-main-filename@1.0.1
53 silly currentTree +-- requires-port@1.0.0
53 silly currentTree +-- resp-modifier@6.0.2
53 silly currentTree +-- restore-cursor@1.0.1
53 silly currentTree +-- rimraf@2.6.2
53 silly currentTree +-- run-async@0.1.0
53 silly currentTree +-- rx-lite@3.1.2
53 silly currentTree +-- rx@2.3.24
53 silly currentTree +-- rxjs@5.0.0-beta.0
53 silly currentTree +-- safe-buffer@5.1.1
53 silly currentTree +-- semver-diff@2.1.0
53 silly currentTree +-- semver@5.4.1
53 silly currentTree +-- send@0.15.2
53 silly currentTree | +-- debug@2.6.4
53 silly currentTree | | `-- ms@0.7.3
53 silly currentTree | +-- fresh@0.5.0
53 silly currentTree | +-- http-errors@1.6.2
53 silly currentTree | +-- mime@1.3.4
53 silly currentTree | +-- ms@1.0.0
53 silly currentTree | `-- setprototypeof@1.0.3
53 silly currentTree +-- serve-index@1.8.0
53 silly currentTree +-- serve-static@1.12.2
53 silly currentTree +-- server-destroy@1.0.1
53 silly currentTree +-- set-blocking@2.0.0
53 silly currentTree +-- set-immediate-shim@1.0.1
53 silly currentTree +-- setprototypeof@1.0.2
53 silly currentTree +-- slide@1.1.6
53 silly currentTree +-- sntp@1.0.9
53 silly currentTree +-- socket.io-adapter@0.5.0
53 silly currentTree | +-- debug@2.3.3
53 silly currentTree | `-- ms@0.7.2
53 silly currentTree +-- socket.io-client@1.6.0
53 silly currentTree | +-- component-emitter@1.2.1
53 silly currentTree | +-- debug@2.3.3
53 silly currentTree | `-- ms@0.7.2
53 silly currentTree +-- socket.io-parser@2.3.1
53 silly currentTree | `-- isarray@0.0.1
53 silly currentTree +-- socket.io@1.6.0
53 silly currentTree | +-- debug@2.3.3
53 silly currentTree | +-- ms@0.7.2
53 silly currentTree | `-- object-assign@4.1.0
53 silly currentTree +-- sort-keys@1.1.2
53 silly currentTree +-- spdx-correct@1.0.2
53 silly currentTree +-- spdx-expression-parse@1.0.4
53 silly currentTree +-- spdx-license-ids@1.2.2
53 silly currentTree +-- sshpk@1.13.1
53 silly currentTree | `-- assert-plus@1.0.0
53 silly currentTree +-- statuses@1.3.1
53 silly currentTree +-- stream-throttle@0.1.3
53 silly currentTree +-- string_decoder@1.0.3
53 silly currentTree +-- string-template@1.0.0
53 silly currentTree +-- string-width@1.0.2
53 silly currentTree | +-- ansi-regex@2.1.1
53 silly currentTree | `-- strip-ansi@3.0.1
53 silly currentTree +-- stringstream@0.0.5
53 silly currentTree +-- strip-ansi@0.3.0
53 silly currentTree +-- strip-bom@2.0.0
53 silly currentTree +-- strip-json-comments@2.0.1
53 silly currentTree +-- supports-color@0.2.0
53 silly currentTree +-- systemjs@0.19.6
53 silly currentTree +-- tfunk@3.1.0
53 silly currentTree | +-- ansi-regex@2.1.1
53 silly currentTree | +-- ansi-styles@2.2.1
53 silly currentTree | +-- chalk@1.1.3
53 silly currentTree | +-- has-ansi@2.0.0
53 silly currentTree | +-- strip-ansi@3.0.1
53 silly currentTree | `-- supports-color@2.0.0
53 silly currentTree +-- thenify@3.3.0
53 silly currentTree +-- through@2.3.8
53 silly currentTree +-- timed-out@3.1.3
53 silly currentTree +-- to-array@0.1.4
53 silly currentTree +-- touch@1.0.0
53 silly currentTree | `-- nopt@1.0.10
53 silly currentTree +-- tough-cookie@2.3.3
53 silly currentTree +-- tunnel-agent@0.6.0
53 silly currentTree +-- tweetnacl@0.14.5
53 silly currentTree +-- typedarray@0.0.6
53 silly currentTree +-- typescript@1.8.10
53 silly currentTree +-- typings@0.6.10
53 silly currentTree | +-- ansi-regex@2.1.1
53 silly currentTree | +-- ansi-styles@2.2.1
53 silly currentTree | +-- bluebird@3.5.1
53 silly currentTree | +-- chalk@1.1.3
53 silly currentTree | +-- has-ansi@2.0.0
53 silly currentTree | +-- mkdirp@0.5.1
53 silly currentTree | | `-- minimist@0.0.8
53 silly currentTree | +-- strip-ansi@3.0.1
53 silly currentTree | +-- supports-color@2.0.0
53 silly currentTree | `-- typescript@1.8.7
53 silly currentTree +-- ua-parser-js@0.7.12
53 silly currentTree +-- ultron@1.0.2
53 silly currentTree +-- unc-path-regex@0.1.2
53 silly currentTree +-- underscore@1.7.0
53 silly currentTree +-- universalify@0.1.1
53 silly currentTree +-- unpipe@1.0.0
53 silly currentTree +-- unzip-response@1.0.2
53 silly currentTree +-- update-notifier@0.6.3
53 silly currentTree | +-- ansi-regex@2.1.1
53 silly currentTree | +-- ansi-styles@2.2.1
53 silly currentTree | +-- chalk@1.1.3
53 silly currentTree | +-- configstore@2.1.0
53 silly currentTree | +-- has-ansi@2.0.0
53 silly currentTree | +-- minimist@0.0.8
53 silly currentTree | +-- mkdirp@0.5.1
53 silly currentTree | +-- strip-ansi@3.0.1
53 silly currentTree | +-- supports-color@2.0.0
53 silly currentTree | `-- uuid@2.0.3
53 silly currentTree +-- url-parse-lax@1.0.0
53 silly currentTree +-- util-deprecate@1.0.2
53 silly currentTree +-- utils-merge@1.0.0
53 silly currentTree +-- uuid@3.1.0
53 silly currentTree +-- validate-npm-package-license@3.0.1
53 silly currentTree +-- verror@1.10.0
53 silly currentTree | `-- assert-plus@1.0.0
53 silly currentTree +-- wcwidth@1.0.1
53 silly currentTree +-- weinre@2.0.0-pre-I0Z7U9OV
53 silly currentTree +-- when@3.7.8
53 silly currentTree +-- which-module@1.0.0
53 silly currentTree +-- widest-line@1.0.0
53 silly currentTree +-- win-release@1.1.1
53 silly currentTree +-- window-size@0.1.4
53 silly currentTree +-- wordwrap@1.0.0
53 silly currentTree +-- wrap-ansi@2.1.0
53 silly currentTree | +-- ansi-regex@2.1.1
53 silly currentTree | `-- strip-ansi@3.0.1
53 silly currentTree +-- wrappy@1.0.2
53 silly currentTree +-- write-file-atomic@1.3.4
53 silly currentTree +-- ws@1.1.1
53 silly currentTree +-- wtf-8@1.0.0
53 silly currentTree +-- xdg-basedir@2.0.0
53 silly currentTree +-- xmlhttprequest-ssl@1.5.3
53 silly currentTree +-- xtend@4.0.1
53 silly currentTree +-- y18n@3.2.1
53 silly currentTree +-- yargs-parser@4.2.1
53 silly currentTree | `-- camelcase@3.0.0
53 silly currentTree +-- yargs@6.4.0
53 silly currentTree | +-- camelcase@3.0.0
53 silly currentTree | `-- window-size@0.2.0
53 silly currentTree +-- yeast@0.1.2
53 silly currentTree `-- zip-object@0.1.0
54 silly idealTree angular2-tutsplus@1.0.0
54 silly idealTree +-- abbrev@1.1.1
54 silly idealTree +-- accepts@1.3.4
54 silly idealTree +-- after@0.8.1
54 silly idealTree +-- agent-base@2.1.1
54 silly idealTree | `-- semver@5.0.3
54 silly idealTree +-- ajv@4.11.8
54 silly idealTree +-- angular2@2.0.0-beta.3
54 silly idealTree +-- ansi-escapes@1.4.0
54 silly idealTree +-- ansi-regex@0.2.1
54 silly idealTree +-- ansi-styles@1.1.0
54 silly idealTree +-- any-promise@1.3.0
54 silly idealTree +-- anymatch@1.3.2
54 silly idealTree +-- archy@1.0.0
54 silly idealTree +-- arr-diff@2.0.0
54 silly idealTree +-- arr-flatten@1.1.0
54 silly idealTree +-- array-uniq@1.0.3
54 silly idealTree +-- array-unique@0.2.1
54 silly idealTree +-- arraybuffer.slice@0.0.6
54 silly idealTree +-- arrify@1.0.1
54 silly idealTree +-- asn1@0.2.3
54 silly idealTree +-- assert-plus@0.2.0
54 silly idealTree +-- async-each-series@0.1.1
54 silly idealTree +-- async-each@1.0.1
54 silly idealTree +-- async@1.5.2
54 silly idealTree +-- asynckit@0.4.0
54 silly idealTree +-- aws-sign2@0.6.0
54 silly idealTree +-- aws4@1.6.0
54 silly idealTree +-- backo2@1.0.2
54 silly idealTree +-- balanced-match@1.0.0
54 silly idealTree +-- base64-arraybuffer@0.1.5
54 silly idealTree +-- base64id@0.1.0
54 silly idealTree +-- batch@0.5.3
54 silly idealTree +-- bcrypt-pbkdf@1.0.1
54 silly idealTree +-- better-assert@1.0.2
54 silly idealTree +-- binary-extensions@1.10.0
54 silly idealTree +-- blob@0.0.4
54 silly idealTree +-- bluebird@2.9.6
54 silly idealTree +-- boom@2.10.1
54 silly idealTree +-- boxen@0.3.1
54 silly idealTree | +-- ansi-regex@2.1.1
54 silly idealTree | +-- ansi-styles@2.2.1
54 silly idealTree | +-- chalk@1.1.3
54 silly idealTree | +-- has-ansi@2.0.0
54 silly idealTree | +-- strip-ansi@3.0.1
54 silly idealTree | `-- supports-color@2.0.0
54 silly idealTree +-- brace-expansion@1.1.8
54 silly idealTree +-- braces@1.8.5
54 silly idealTree +-- browser-sync-client@2.5.1
54 silly idealTree +-- browser-sync-ui@0.6.3
54 silly idealTree +-- browser-sync@2.18.13
54 silly idealTree | `-- rx@4.1.0
54 silly idealTree +-- bs-recipes@1.3.4
54 silly idealTree +-- builtin-modules@1.1.1
54 silly idealTree +-- callsite@1.0.0
54 silly idealTree +-- camelcase@1.2.1
54 silly idealTree +-- capture-stack-trace@1.0.0
54 silly idealTree +-- caseless@0.12.0
54 silly idealTree +-- chalk@0.5.1
54 silly idealTree +-- chokidar@1.7.0
54 silly idealTree +-- cli-cursor@1.0.2
54 silly idealTree +-- cli-width@2.2.0
54 silly idealTree +-- cliui@3.2.0
54 silly idealTree | +-- ansi-regex@2.1.1
54 silly idealTree | `-- strip-ansi@3.0.1
54 silly idealTree +-- clone@1.0.2
54 silly idealTree +-- co@4.6.0
54 silly idealTree +-- code-point-at@1.1.0
54 silly idealTree +-- columnify@1.5.4
54 silly idealTree | +-- ansi-regex@2.1.1
54 silly idealTree | `-- strip-ansi@3.0.1
54 silly idealTree +-- combined-stream@1.0.5
54 silly idealTree +-- commander@2.6.0
54 silly idealTree +-- component-bind@1.0.0
54 silly idealTree +-- component-emitter@1.1.2
54 silly idealTree +-- component-inherit@0.0.3
54 silly idealTree +-- concat-map@0.0.1
54 silly idealTree +-- concat-stream@1.6.0
54 silly idealTree +-- concurrently@1.0.0
54 silly idealTree +-- configstore@1.4.0
54 silly idealTree | +-- minimist@0.0.8
54 silly idealTree | +-- mkdirp@0.5.1
54 silly idealTree | `-- uuid@2.0.3
54 silly idealTree +-- connect-history-api-fallback@1.4.0
54 silly idealTree +-- connect-logger@0.0.1
54 silly idealTree +-- connect@3.5.0
54 silly idealTree +-- cookie@0.3.1
54 silly idealTree +-- core-util-is@1.0.2
54 silly idealTree +-- create-error-class@3.0.2
54 silly idealTree +-- cross-spawn@0.2.9
54 silly idealTree +-- cryptiles@2.0.5
54 silly idealTree +-- dashdash@1.14.1
54 silly idealTree | `-- assert-plus@1.0.0
54 silly idealTree +-- debug@2.2.0
54 silly idealTree +-- decamelize@1.2.0
54 silly idealTree +-- deep-extend@0.4.2
54 silly idealTree +-- defaults@1.0.3
54 silly idealTree +-- delayed-stream@1.0.0
54 silly idealTree +-- depd@1.1.1
54 silly idealTree +-- destroy@1.0.4
54 silly idealTree +-- detect-indent@4.0.0
54 silly idealTree +-- dev-ip@1.0.1
54 silly idealTree +-- dot-prop@3.0.0
54 silly idealTree +-- duplexer2@0.1.4
54 silly idealTree +-- easy-extender@2.3.2
54 silly idealTree | `-- lodash@3.10.1
54 silly idealTree +-- eazy-logger@3.0.2
54 silly idealTree +-- ecc-jsbn@0.1.1
54 silly idealTree +-- ee-first@1.1.1
54 silly idealTree +-- elegant-spinner@1.0.1
54 silly idealTree +-- emitter-steward@1.0.0
54 silly idealTree +-- encodeurl@1.0.1
54 silly idealTree +-- engine.io-client@1.8.0
54 silly idealTree | +-- component-emitter@1.2.1
54 silly idealTree | +-- debug@2.3.3
54 silly idealTree | `-- ms@0.7.2
54 silly idealTree +-- engine.io-parser@1.3.1
54 silly idealTree | +-- has-binary@0.1.6
54 silly idealTree | `-- isarray@0.0.1
54 silly idealTree +-- engine.io@1.8.0
54 silly idealTree | +-- accepts@1.3.3
54 silly idealTree | +-- debug@2.3.3
54 silly idealTree | `-- ms@0.7.2
54 silly idealTree +-- error-ex@1.3.1
54 silly idealTree +-- es6-module-loader@0.17.11
54 silly idealTree +-- es6-promise@3.3.1
54 silly idealTree +-- es6-shim@0.33.13
54 silly idealTree +-- escape-html@1.0.3
54 silly idealTree +-- escape-string-regexp@1.0.5
54 silly idealTree +-- etag@1.8.1
54 silly idealTree +-- eventemitter3@1.2.0
54 silly idealTree +-- exit-hook@1.1.1
54 silly idealTree +-- expand-brackets@0.1.5
54 silly idealTree +-- expand-range@1.8.2
54 silly idealTree +-- express@2.5.11
54 silly idealTree | +-- connect@1.9.2
54 silly idealTree | `-- qs@0.4.2
54 silly idealTree +-- extend@3.0.1
54 silly idealTree +-- extglob@0.3.2
54 silly idealTree +-- extsprintf@1.3.0
54 silly idealTree +-- figures@1.7.0
54 silly idealTree +-- filename-regex@2.0.1
54 silly idealTree +-- fill-range@2.2.3
54 silly idealTree +-- filled-array@1.1.0
54 silly idealTree +-- finalhandler@0.5.0
54 silly idealTree +-- find-up@1.1.2
54 silly idealTree +-- for-in@1.0.2
54 silly idealTree +-- for-own@0.1.5
54 silly idealTree +-- forever-agent@0.6.1
54 silly idealTree +-- form-data@2.1.4
54 silly idealTree +-- formidable@1.0.17
54 silly idealTree +-- fresh@0.3.0
54 silly idealTree +-- fs-extra@3.0.1
54 silly idealTree +-- fs.realpath@1.0.0
54 silly idealTree +-- function-bind@1.1.1
54 silly idealTree +-- get-caller-file@1.0.2
54 silly idealTree +-- getpass@0.1.7
54 silly idealTree | `-- assert-plus@1.0.0
54 silly idealTree +-- glob-base@0.3.0
54 silly idealTree +-- glob-parent@2.0.0
54 silly idealTree +-- glob@7.1.2
54 silly idealTree +-- got@5.7.1
54 silly idealTree +-- graceful-fs@4.1.11
54 silly idealTree +-- har-schema@1.0.5
54 silly idealTree +-- har-validator@4.2.1
54 silly idealTree +-- has-ansi@0.1.0
54 silly idealTree +-- has-binary@0.1.7
54 silly idealTree | `-- isarray@0.0.1
54 silly idealTree +-- has-cors@1.1.0
54 silly idealTree +-- has@1.0.1
54 silly idealTree +-- hawk@3.1.3
54 silly idealTree +-- hoek@2.16.3
54 silly idealTree +-- hosted-git-info@2.5.0
54 silly idealTree +-- http-errors@1.5.1
54 silly idealTree +-- http-proxy-agent@1.0.0
54 silly idealTree +-- http-proxy@1.15.2
54 silly idealTree +-- http-signature@1.1.1
54 silly idealTree +-- https-proxy-agent@1.0.0
54 silly idealTree +-- immutable@3.8.1
54 silly idealTree +-- imurmurhash@0.1.4
54 silly idealTree +-- indexof@0.0.1
54 silly idealTree +-- inflight@1.0.6
54 silly idealTree +-- inherits@2.0.3
54 silly idealTree +-- ini@1.3.4
54 silly idealTree +-- inquirer@0.12.0
54 silly idealTree | +-- ansi-regex@2.1.1
54 silly idealTree | +-- ansi-styles@2.2.1
54 silly idealTree | +-- chalk@1.1.3
54 silly idealTree | +-- has-ansi@2.0.0
54 silly idealTree | +-- lodash@4.17.4
54 silly idealTree | +-- strip-ansi@3.0.1
54 silly idealTree | `-- supports-color@2.0.0
54 silly idealTree +-- insight@0.7.0
54 silly idealTree | +-- ansi-regex@2.1.1
54 silly idealTree | +-- ansi-styles@2.2.1
54 silly idealTree | +-- chalk@1.1.3
54 silly idealTree | +-- cli-width@1.1.1
54 silly idealTree | +-- has-ansi@2.0.0
54 silly idealTree | +-- inquirer@0.10.1
54 silly idealTree | +-- lodash@3.10.1
54 silly idealTree | +-- strip-ansi@3.0.1
54 silly idealTree | `-- supports-color@2.0.0
54 silly idealTree +-- invariant@2.2.2
54 silly idealTree +-- invert-kv@1.0.0
54 silly idealTree +-- is-absolute@0.2.6
54 silly idealTree +-- is-arrayish@0.2.1
54 silly idealTree +-- is-binary-path@1.0.1
54 silly idealTree +-- is-buffer@1.1.5
54 silly idealTree +-- is-builtin-module@1.0.0
54 silly idealTree +-- is-dotfile@1.0.3
54 silly idealTree +-- is-equal-shallow@0.1.3
54 silly idealTree +-- is-extendable@0.1.1
54 silly idealTree +-- is-extglob@1.0.0
54 silly idealTree +-- is-finite@1.0.2
54 silly idealTree +-- is-fullwidth-code-point@1.0.0
54 silly idealTree +-- is-glob@2.0.1
54 silly idealTree +-- is-npm@1.0.0
54 silly idealTree +-- is-number-like@1.0.8
54 silly idealTree +-- is-number@2.1.0
54 silly idealTree +-- is-obj@1.0.1
54 silly idealTree +-- is-plain-obj@1.1.0
54 silly idealTree +-- is-posix-bracket@0.1.1
54 silly idealTree +-- is-primitive@2.0.0
54 silly idealTree +-- is-redirect@1.0.0
54 silly idealTree +-- is-relative@0.2.1
54 silly idealTree +-- is-retry-allowed@1.1.0
54 silly idealTree +-- is-stream@1.1.0
54 silly idealTree +-- is-typedarray@1.0.0
54 silly idealTree +-- is-unc-path@0.1.2
54 silly idealTree +-- is-utf8@0.2.1
54 silly idealTree +-- is-windows@0.2.0
54 silly idealTree +-- isarray@1.0.0
54 silly idealTree +-- isobject@2.1.0
54 silly idealTree +-- isstream@0.1.2
54 silly idealTree +-- js-tokens@3.0.2
54 silly idealTree +-- jsbn@0.1.1
54 silly idealTree +-- json-schema@0.2.3
54 silly idealTree +-- json-stable-stringify@1.0.1
54 silly idealTree +-- json-stringify-safe@5.0.1
54 silly idealTree +-- json3@3.3.2
54 silly idealTree +-- jsonfile@3.0.1
54 silly idealTree +-- jsonify@0.0.0
54 silly idealTree +-- jsprim@1.4.1
54 silly idealTree | `-- assert-plus@1.0.0
54 silly idealTree +-- kind-of@3.2.2
54 silly idealTree +-- latest-version@2.0.0
54 silly idealTree +-- lcid@1.0.0
54 silly idealTree +-- limiter@1.1.2
54 silly idealTree +-- listify@1.0.0
54 silly idealTree +-- lite-server@2.3.0
54 silly idealTree | `-- lodash@4.17.4
54 silly idealTree +-- load-json-file@1.1.0
54 silly idealTree +-- localtunnel@1.8.3
54 silly idealTree | +-- debug@2.6.8
54 silly idealTree | +-- ms@2.0.0
54 silly idealTree | `-- yargs@3.29.0
54 silly idealTree +-- lockfile@1.0.3
54 silly idealTree +-- lodash._getnative@3.9.1
54 silly idealTree +-- lodash.debounce@3.1.1
54 silly idealTree +-- lodash.isfinite@3.3.2
54 silly idealTree +-- lodash@3.1.0
54 silly idealTree +-- log-update@1.0.2
54 silly idealTree +-- loose-envify@1.3.1
54 silly idealTree +-- lowercase-keys@1.0.0
54 silly idealTree +-- lru-cache@2.7.3
54 silly idealTree +-- make-error-cause@1.2.2
54 silly idealTree +-- make-error@1.3.0
54 silly idealTree +-- methods@1.1.2
54 silly idealTree +-- micromatch@2.3.11
54 silly idealTree +-- mime-db@1.30.0
54 silly idealTree +-- mime-types@2.1.17
54 silly idealTree +-- mime@1.2.4
54 silly idealTree +-- minimatch@3.0.4
54 silly idealTree +-- minimist@1.2.0
54 silly idealTree +-- mkdirp@0.3.0
54 silly idealTree +-- moment@2.19.1
54 silly idealTree +-- ms@0.7.1
54 silly idealTree +-- mute-stream@0.0.5
54 silly idealTree +-- negotiator@0.6.1
54 silly idealTree +-- node-status-codes@1.0.0
54 silly idealTree +-- nopt@3.0.6
54 silly idealTree +-- normalize-package-data@2.4.0
54 silly idealTree +-- normalize-path@2.1.1
54 silly idealTree +-- number-is-nan@1.0.1
54 silly idealTree +-- oauth-sign@0.8.2
54 silly idealTree +-- object-assign@4.1.1
54 silly idealTree +-- object-component@0.0.3
54 silly idealTree +-- object-path@0.9.2
54 silly idealTree +-- object.omit@2.0.1
54 silly idealTree +-- object.pick@1.3.0
54 silly idealTree | `-- isobject@3.0.1
54 silly idealTree +-- on-finished@2.3.0
54 silly idealTree +-- once@1.4.0
54 silly idealTree +-- onetime@1.1.0
54 silly idealTree +-- openurl@1.1.1
54 silly idealTree +-- opn@4.0.2
54 silly idealTree +-- options@0.0.6
54 silly idealTree +-- os-homedir@1.0.2
54 silly idealTree +-- os-locale@1.4.0
54 silly idealTree +-- os-name@1.0.3
54 silly idealTree +-- os-tmpdir@1.0.2
54 silly idealTree +-- osenv@0.1.4
54 silly idealTree +-- osx-release@1.1.0
54 silly idealTree +-- package-json@2.4.0
54 silly idealTree +-- parse-glob@3.0.4
54 silly idealTree +-- parse-json@2.2.0
54 silly idealTree +-- parsejson@0.0.3
54 silly idealTree +-- parseqs@0.0.5
54 silly idealTree +-- parseuri@0.0.5
54 silly idealTree +-- parseurl@1.3.2
54 silly idealTree +-- path-exists@2.1.0
54 silly idealTree +-- path-is-absolute@1.0.1
54 silly idealTree +-- path-type@1.1.0
54 silly idealTree +-- performance-now@0.2.0
54 silly idealTree +-- pify@2.3.0
54 silly idealTree +-- pinkie-promise@2.0.1
54 silly idealTree +-- pinkie@2.0.4
54 silly idealTree +-- popsicle-proxy-agent@1.0.0
54 silly idealTree +-- popsicle-retry@1.0.1
54 silly idealTree +-- popsicle-status@1.0.2
54 silly idealTree +-- popsicle@4.0.0
54 silly idealTree | +-- async@0.9.2
54 silly idealTree | +-- combined-stream@0.0.7
54 silly idealTree | +-- delayed-stream@0.0.5
54 silly idealTree | +-- form-data@0.2.0
54 silly idealTree | +-- mime-db@1.12.0
54 silly idealTree | `-- mime-types@2.0.14
54 silly idealTree +-- portscanner@2.1.1
54 silly idealTree +-- prepend-http@1.0.4
54 silly idealTree +-- preserve@0.2.0
54 silly idealTree +-- process-nextick-args@1.0.7
54 silly idealTree +-- promise-finally@2.2.1
54 silly idealTree +-- punycode@1.4.1
54 silly idealTree +-- qs@6.2.1
54 silly idealTree +-- randomatic@1.1.7
54 silly idealTree | +-- is-number@3.0.0
54 silly idealTree | | `-- kind-of@3.2.2
54 silly idealTree | `-- kind-of@4.0.0
54 silly idealTree +-- range-parser@1.2.0
54 silly idealTree +-- rc@1.2.2
54 silly idealTree +-- read-all-stream@3.1.0
54 silly idealTree +-- read-pkg-up@1.0.1
54 silly idealTree +-- read-pkg@1.1.0
54 silly idealTree +-- readable-stream@2.3.3
54 silly idealTree +-- readdirp@2.1.0
54 silly idealTree +-- readline2@1.0.1
54 silly idealTree +-- reflect-metadata@0.1.2
54 silly idealTree +-- regex-cache@0.4.4
54 silly idealTree +-- registry-auth-token@3.3.1
54 silly idealTree +-- registry-url@3.1.0
54 silly idealTree +-- remove-trailing-separator@1.1.0
54 silly idealTree +-- repeat-element@1.1.2
54 silly idealTree +-- repeat-string@1.6.1
54 silly idealTree +-- repeating@2.0.1
54 silly idealTree +-- request@2.81.0
54 silly idealTree | `-- qs@6.4.0
54 silly idealTree +-- require-directory@2.1.1
54 silly idealTree +-- require-main-filename@1.0.1
54 silly idealTree +-- requires-port@1.0.0
54 silly idealTree +-- resp-modifier@6.0.2
54 silly idealTree +-- restore-cursor@1.0.1
54 silly idealTree +-- rimraf@2.6.2
54 silly idealTree +-- run-async@0.1.0
54 silly idealTree +-- rx-lite@3.1.2
54 silly idealTree +-- rx@2.3.24
54 silly idealTree +-- rxjs@5.0.0-beta.0
54 silly idealTree +-- safe-buffer@5.1.1
54 silly idealTree +-- semver-diff@2.1.0
54 silly idealTree +-- semver@5.4.1
54 silly idealTree +-- send@0.15.2
54 silly idealTree | +-- debug@2.6.4
54 silly idealTree | | `-- ms@0.7.3
54 silly idealTree | +-- fresh@0.5.0
54 silly idealTree | +-- http-errors@1.6.2
54 silly idealTree | +-- mime@1.3.4
54 silly idealTree | +-- ms@1.0.0
54 silly idealTree | `-- setprototypeof@1.0.3
54 silly idealTree +-- serve-index@1.8.0
54 silly idealTree +-- serve-static@1.12.2
54 silly idealTree +-- server-destroy@1.0.1
54 silly idealTree +-- set-blocking@2.0.0
54 silly idealTree +-- set-immediate-shim@1.0.1
54 silly idealTree +-- setprototypeof@1.0.2
54 silly idealTree +-- slide@1.1.6
54 silly idealTree +-- sntp@1.0.9
54 silly idealTree +-- socket.io-adapter@0.5.0
54 silly idealTree | +-- debug@2.3.3
54 silly idealTree | `-- ms@0.7.2
54 silly idealTree +-- socket.io-client@1.6.0
54 silly idealTree | +-- component-emitter@1.2.1
54 silly idealTree | +-- debug@2.3.3
54 silly idealTree | `-- ms@0.7.2
54 silly idealTree +-- socket.io-parser@2.3.1
54 silly idealTree | `-- isarray@0.0.1
54 silly idealTree +-- socket.io@1.6.0
54 silly idealTree | +-- debug@2.3.3
54 silly idealTree | +-- ms@0.7.2
54 silly idealTree | `-- object-assign@4.1.0
54 silly idealTree +-- sort-keys@1.1.2
54 silly idealTree +-- spdx-correct@1.0.2
54 silly idealTree +-- spdx-expression-parse@1.0.4
54 silly idealTree +-- spdx-license-ids@1.2.2
54 silly idealTree +-- sshpk@1.13.1
54 silly idealTree | `-- assert-plus@1.0.0
54 silly idealTree +-- statuses@1.3.1
54 silly idealTree +-- stream-throttle@0.1.3
54 silly idealTree +-- string_decoder@1.0.3
54 silly idealTree +-- string-template@1.0.0
54 silly idealTree +-- string-width@1.0.2
54 silly idealTree | +-- ansi-regex@2.1.1
54 silly idealTree | `-- strip-ansi@3.0.1
54 silly idealTree +-- stringstream@0.0.5
54 silly idealTree +-- strip-ansi@0.3.0
54 silly idealTree +-- strip-bom@2.0.0
54 silly idealTree +-- strip-json-comments@2.0.1
54 silly idealTree +-- supports-color@0.2.0
54 silly idealTree +-- systemjs@0.19.6
54 silly idealTree +-- tfunk@3.1.0
54 silly idealTree | +-- ansi-regex@2.1.1
54 silly idealTree | +-- ansi-styles@2.2.1
54 silly idealTree | +-- chalk@1.1.3
54 silly idealTree | +-- has-ansi@2.0.0
54 silly idealTree | +-- strip-ansi@3.0.1
54 silly idealTree | `-- supports-color@2.0.0
54 silly idealTree +-- thenify@3.3.0
54 silly idealTree +-- through@2.3.8
54 silly idealTree +-- timed-out@3.1.3
54 silly idealTree +-- to-array@0.1.4
54 silly idealTree +-- touch@1.0.0
54 silly idealTree | `-- nopt@1.0.10
54 silly idealTree +-- tough-cookie@2.3.3
54 silly idealTree +-- tunnel-agent@0.6.0
54 silly idealTree +-- tweetnacl@0.14.5
54 silly idealTree +-- typedarray@0.0.6
54 silly idealTree +-- typescript@1.8.10
54 silly idealTree +-- typings@0.6.10
54 silly idealTree | +-- ansi-regex@2.1.1
54 silly idealTree | +-- ansi-styles@2.2.1
54 silly idealTree | +-- bluebird@3.5.1
54 silly idealTree | +-- chalk@1.1.3
54 silly idealTree | +-- has-ansi@2.0.0
54 silly idealTree | +-- mkdirp@0.5.1
54 silly idealTree | | `-- minimist@0.0.8
54 silly idealTree | +-- strip-ansi@3.0.1
54 silly idealTree | +-- supports-color@2.0.0
54 silly idealTree | `-- typescript@1.8.7
54 silly idealTree +-- ua-parser-js@0.7.12
54 silly idealTree +-- ultron@1.0.2
54 silly idealTree +-- unc-path-regex@0.1.2
54 silly idealTree +-- underscore@1.7.0
54 silly idealTree +-- universalify@0.1.1
54 silly idealTree +-- unpipe@1.0.0
54 silly idealTree +-- unzip-response@1.0.2
54 silly idealTree +-- update-notifier@0.6.3
54 silly idealTree | +-- ansi-regex@2.1.1
54 silly idealTree | +-- ansi-styles@2.2.1
54 silly idealTree | +-- chalk@1.1.3
54 silly idealTree | +-- configstore@2.1.0
54 silly idealTree | +-- has-ansi@2.0.0
54 silly idealTree | +-- minimist@0.0.8
54 silly idealTree | +-- mkdirp@0.5.1
54 silly idealTree | +-- strip-ansi@3.0.1
54 silly idealTree | +-- supports-color@2.0.0
54 silly idealTree | `-- uuid@2.0.3
54 silly idealTree +-- url-parse-lax@1.0.0
54 silly idealTree +-- util-deprecate@1.0.2
54 silly idealTree +-- utils-merge@1.0.0
54 silly idealTree +-- uuid@3.1.0
54 silly idealTree +-- validate-npm-package-license@3.0.1
54 silly idealTree +-- verror@1.10.0
54 silly idealTree | `-- assert-plus@1.0.0
54 silly idealTree +-- wcwidth@1.0.1
54 silly idealTree +-- weinre@2.0.0-pre-I0Z7U9OV
54 silly idealTree +-- when@3.7.8
54 silly idealTree +-- which-module@1.0.0
54 silly idealTree +-- widest-line@1.0.0
54 silly idealTree +-- win-release@1.1.1
54 silly idealTree +-- window-size@0.1.4
54 silly idealTree +-- wordwrap@1.0.0
54 silly idealTree +-- wrap-ansi@2.1.0
54 silly idealTree | +-- ansi-regex@2.1.1
54 silly idealTree | `-- strip-ansi@3.0.1
54 silly idealTree +-- wrappy@1.0.2
54 silly idealTree +-- write-file-atomic@1.3.4
54 silly idealTree +-- ws@1.1.1
54 silly idealTree +-- wtf-8@1.0.0
54 silly idealTree +-- xdg-basedir@2.0.0
54 silly idealTree +-- xmlhttprequest-ssl@1.5.3
54 silly idealTree +-- xtend@4.0.1
54 silly idealTree +-- y18n@3.2.1
54 silly idealTree +-- yargs-parser@4.2.1
54 silly idealTree | `-- camelcase@3.0.0
54 silly idealTree +-- yargs@6.4.0
54 silly idealTree | +-- camelcase@3.0.0
54 silly idealTree | `-- window-size@0.2.0
54 silly idealTree +-- yeast@0.1.2
54 silly idealTree +-- zip-object@0.1.0
54 silly idealTree `-- zone.js@0.5.11
55 silly generateActionsToTake Starting
56 silly install generateActionsToTake
57 silly generateActionsToTake Finishing
58 silly diffTrees action count 1
59 silly diffTrees add zone.js@0.5.11
60 silly decomposeActions action count 8
61 silly decomposeActions fetch zone.js@0.5.11
62 silly decomposeActions extract zone.js@0.5.11
63 silly decomposeActions test zone.js@0.5.11
64 silly decomposeActions preinstall zone.js@0.5.11
65 silly decomposeActions build zone.js@0.5.11
66 silly decomposeActions install zone.js@0.5.11
67 silly decomposeActions postinstall zone.js@0.5.11
68 silly decomposeActions finalize zone.js@0.5.11
69 silly runTopLevelLifecycles Starting
70 silly install runPreinstallTopLevelLifecycles
71 silly preinstall angular2-tutsplus@1.0.0 C:\inetpub\wwwroot\example-angular2\angular2-tutsplus-80753cdb
72 info lifecycle angular2-tutsplus@1.0.0~preinstall: angular2-tutsplus@1.0.0
73 silly lifecycle angular2-tutsplus@1.0.0~preinstall: no script for preinstall, continuing
74 silly executeActions Starting
75 silly install executeActions
76 silly doSerial global-install 0
77 silly doParallel fetch 1
78 verbose correctMkdir C:\Users\sarnphamornsuwana\AppData\Roaming\npm-cache\_locks correctMkdir not in flight; initializing
79 verbose lock using C:\Users\sarnphamornsuwana\AppData\Roaming\npm-cache\_locks\staging-e2ec6aafdcc1105c.lock for C:\inetpub\wwwroot\example-angular2\node_modules\.staging
80 silly doParallel extract 1
81 silly extract zone.js@0.5.11
82 verbose unbuild node_modules\.staging\zone.js-1ae19116
83 silly gentlyRm C:\inetpub\wwwroot\example-angular2\node_modules\.staging\zone.js-1ae19116 is being purged from base C:\inetpub\wwwroot\example-angular2
84 verbose gentlyRm don't care about contents; nuking C:\inetpub\wwwroot\example-angular2\node_modules\.staging\zone.js-1ae19116
85 verbose tar unpack C:\Users\sarnphamornsuwana\AppData\Roaming\npm-cache\zone.js\0.5.11\package.tgz
86 verbose tar unpacking to C:\inetpub\wwwroot\example-angular2\node_modules\.staging\zone.js-1ae19116
87 silly gentlyRm C:\inetpub\wwwroot\example-angular2\node_modules\.staging\zone.js-1ae19116 is being purged
88 verbose gentlyRm don't care about contents; nuking C:\inetpub\wwwroot\example-angular2\node_modules\.staging\zone.js-1ae19116
89 silly gunzTarPerm modes [ '777', '666' ]
90 silly gunzTarPerm extractEntry package.json
91 silly gunzTarPerm modified mode [ 'package.json', 420, 438 ]
92 silly gunzTarPerm extractEntry README.md
93 silly gunzTarPerm modified mode [ 'README.md', 420, 438 ]
94 silly gunzTarPerm extractEntry LICENSE
95 silly gunzTarPerm modified mode [ 'LICENSE', 420, 438 ]
96 silly gunzTarPerm extractEntry dist/jasmine-patch.js
97 silly gunzTarPerm modified mode [ 'dist/jasmine-patch.js', 420, 438 ]
98 silly gunzTarPerm extractEntry dist/jasmine-patch.min.js
99 silly gunzTarPerm modified mode [ 'dist/jasmine-patch.min.js', 420, 438 ]
100 silly gunzTarPerm extractEntry dist/long-stack-trace-zone.js
101 silly gunzTarPerm modified mode [ 'dist/long-stack-trace-zone.js', 420, 438 ]
102 silly gunzTarPerm extractEntry dist/long-stack-trace-zone.min.js
103 silly gunzTarPerm modified mode [ 'dist/long-stack-trace-zone.min.js', 420, 438 ]
104 silly gunzTarPerm extractEntry dist/zone-microtask.js
105 silly gunzTarPerm modified mode [ 'dist/zone-microtask.js', 420, 438 ]
106 silly gunzTarPerm extractEntry dist/zone-microtask.min.js
107 silly gunzTarPerm modified mode [ 'dist/zone-microtask.min.js', 420, 438 ]
108 silly gunzTarPerm extractEntry dist/zone.js
109 silly gunzTarPerm modified mode [ 'dist/zone.js', 420, 438 ]
110 silly gunzTarPerm extractEntry dist/zone.min.js
111 silly gunzTarPerm modified mode [ 'dist/zone.min.js', 420, 438 ]
112 silly gunzTarPerm extractEntry lib/browser/jasmine-patch.ts
113 silly gunzTarPerm modified mode [ 'lib/browser/jasmine-patch.ts', 420, 438 ]
114 silly gunzTarPerm extractEntry lib/browser/long-stack-trace-zone.ts
115 silly gunzTarPerm modified mode [ 'lib/browser/long-stack-trace-zone.ts', 420, 438 ]
116 silly gunzTarPerm extractEntry lib/browser/zone-microtask.ts
117 silly gunzTarPerm modified mode [ 'lib/browser/zone-microtask.ts', 420, 438 ]
118 silly gunzTarPerm extractEntry lib/browser/zone.ts
119 silly gunzTarPerm modified mode [ 'lib/browser/zone.ts', 420, 438 ]
120 silly gunzTarPerm extractEntry lib/core.ts
121 silly gunzTarPerm modified mode [ 'lib/core.ts', 420, 438 ]
122 silly gunzTarPerm extractEntry lib/jasmine/patch.ts
123 silly gunzTarPerm modified mode [ 'lib/jasmine/patch.ts', 420, 438 ]
124 silly gunzTarPerm extractEntry lib/keys.ts
125 silly gunzTarPerm modified mode [ 'lib/keys.ts', 420, 438 ]
126 silly gunzTarPerm extractEntry lib/microtask.ts
127 silly gunzTarPerm modified mode [ 'lib/microtask.ts', 420, 438 ]
128 silly gunzTarPerm extractEntry lib/patch/geolocation.ts
129 silly gunzTarPerm modified mode [ 'lib/patch/geolocation.ts', 420, 438 ]
130 silly gunzTarPerm extractEntry lib/patch/browser.ts
131 silly gunzTarPerm modified mode [ 'lib/patch/browser.ts', 420, 438 ]
132 silly gunzTarPerm extractEntry lib/patch/event-target.ts
133 silly gunzTarPerm modified mode [ 'lib/patch/event-target.ts', 420, 438 ]
134 silly gunzTarPerm extractEntry lib/patch/file-reader.ts
135 silly gunzTarPerm modified mode [ 'lib/patch/file-reader.ts', 420, 438 ]
136 silly gunzTarPerm extractEntry lib/patch/functions.ts
137 silly gunzTarPerm modified mode [ 'lib/patch/functions.ts', 420, 438 ]
138 silly gunzTarPerm extractEntry lib/patch/define-property.ts
139 silly gunzTarPerm modified mode [ 'lib/patch/define-property.ts', 420, 438 ]
140 silly gunzTarPerm extractEntry lib/patch/mutation-observer.ts
141 silly gunzTarPerm modified mode [ 'lib/patch/mutation-observer.ts', 420, 438 ]
142 silly gunzTarPerm extractEntry lib/patch/promise.ts
143 silly gunzTarPerm modified mode [ 'lib/patch/promise.ts', 420, 438 ]
144 silly gunzTarPerm extractEntry lib/patch/property-descriptor.ts
145 silly gunzTarPerm modified mode [ 'lib/patch/property-descriptor.ts', 420, 438 ]
146 silly gunzTarPerm extractEntry lib/patch/register-element.ts
147 silly gunzTarPerm modified mode [ 'lib/patch/register-element.ts', 420, 438 ]
148 silly gunzTarPerm extractEntry lib/patch/websocket.ts
149 silly gunzTarPerm modified mode [ 'lib/patch/websocket.ts', 420, 438 ]
150 silly gunzTarPerm extractEntry lib/utils.ts
151 silly gunzTarPerm modified mode [ 'lib/utils.ts', 420, 438 ]
152 silly gunzTarPerm extractEntry lib/wtf.ts
153 silly gunzTarPerm modified mode [ 'lib/wtf.ts', 420, 438 ]
154 silly gunzTarPerm extractEntry lib/zone.ts
155 silly gunzTarPerm modified mode [ 'lib/zone.ts', 420, 438 ]
156 silly gunzTarPerm extractEntry lib/zones/long-stack-trace.ts
157 silly gunzTarPerm modified mode [ 'lib/zones/long-stack-trace.ts', 420, 438 ]
158 silly gentlyRm C:\inetpub\wwwroot\example-angular2\node_modules\.staging\zone.js-1ae19116\node_modules is being purged
159 verbose gentlyRm don't care about contents; nuking C:\inetpub\wwwroot\example-angular2\node_modules\.staging\zone.js-1ae19116\node_modules
160 silly doParallel preinstall 1
161 silly preinstall zone.js@0.5.11 C:\inetpub\wwwroot\example-angular2\node_modules\.staging\zone.js-1ae19116
162 info lifecycle zone.js@0.5.11~preinstall: zone.js@0.5.11
163 silly lifecycle zone.js@0.5.11~preinstall: no script for preinstall, continuing
164 silly doReverseSerial remove 0
165 silly doSerial move 0
166 silly doSerial finalize 1
167 silly finalize C:\inetpub\wwwroot\example-angular2\node_modules\zone.js
168 silly doSerial build 1
169 silly build zone.js@0.5.11
170 info linkStuff zone.js@0.5.11
171 silly linkStuff zone.js@0.5.11 has C:\inetpub\wwwroot\example-angular2\node_modules as its parent node_modules
172 verbose linkBins zone.js@0.5.11
173 verbose linkMans zone.js@0.5.11
174 silly doSerial global-link 0
175 silly doParallel update-linked 0
176 silly doSerial install 1
177 silly install zone.js@0.5.11 C:\inetpub\wwwroot\example-angular2\node_modules\.staging\zone.js-1ae19116
178 info lifecycle zone.js@0.5.11~install: zone.js@0.5.11
179 silly lifecycle zone.js@0.5.11~install: no script for install, continuing
180 silly doSerial postinstall 1
181 silly postinstall zone.js@0.5.11 C:\inetpub\wwwroot\example-angular2\node_modules\.staging\zone.js-1ae19116
182 info lifecycle zone.js@0.5.11~postinstall: zone.js@0.5.11
183 verbose lifecycle zone.js@0.5.11~postinstall: unsafe-perm in lifecycle true
184 verbose lifecycle zone.js@0.5.11~postinstall: PATH: C:\Program Files\nodejs\node_modules\npm\bin\node-gyp-bin;C:\inetpub\wwwroot\example-angular2\node_modules\zone.js\node_modules\.bin;C:\inetpub\wwwroot\example-angular2\node_modules\.bin;C:\Users\sarnphamornsuwana\bin;C:\Program Files\Git\mingw64\bin;C:\Program Files\Git\usr\local\bin;C:\Program Files\Git\usr\bin;C:\Program Files\Git\usr\bin;C:\Program Files\Git\mingw64\bin;C:\Program Files\Git\usr\bin;C:\Users\sarnphamornsuwana\bin;C:\ProgramData\Oracle\Java\javapath;C:\Program Files (x86)\PHP\v7.0;C:\WINDOWS\system32\inetsrv;C:\Program Files\PHP\v5.3;C:\WINDOWS\system32\inetsrv;C:\Program Files (x86)\iis express\PHP\v5.6;C:\Program Files (x86)\PHP\v5.6;C:\WINDOWS\system32;C:\WINDOWS;C:\WINDOWS\System32\Wbem;C:\WINDOWS\System32\WindowsPowerShell\v1.0;C:\Program Files (x86)\Microsoft SQL Server\Client SDK\ODBC\130\Tools\Binn;C:\Program Files (x86)\Microsoft SQL Server\130\Tools\Binn;C:\Program Files (x86)\Microsoft SQL Server\130\DTS\Binn;C:\Program Files (x86)\Microsoft SQL Server\130\Tools\Binn\ManagementStudio;C:\Users\sarnphamornsuwana\AppData\Local\Microsoft\WindowsApps;C:\Users\sarnphamornsuwana\AppData\Local\atom\bin;C:\Program Files\Microsoft\Web Platform Installer;C:\Program Files\Git\cmd;C:\ProgramData\ComposerSetup\bin;C:\Program Files\nodejs;C:\Program Files\Microsoft SQL Server\110\Tools\Binn;C:\Program Files (x86)\Windows Kits\8.1\Windows Performance Toolkit;C:\Program Files\Microsoft SQL Server\130\Tools\Binn;C:\Program Files (x86)\Microsoft SQL Server\110\DTS\Binn;C:\Program Files (x86)\Microsoft SQL Server\120\DTS\Binn;C:\Program Files (x86)\Microsoft SQL Server\140\DTS\Binn;C:\Program Files (x86)\Java\jre1.8.0_144\bin\java.exe;C:\Users\sarnphamornsuwana\AppData\Roaming\Composer\vendor\bin;C:\Users\sarnphamornsuwana\AppData\Roaming\npm;C:\Program Files\Git\usr\bin\vendor_perl;C:\Program Files\Git\usr\bin\core_perl
185 verbose lifecycle zone.js@0.5.11~postinstall: CWD: C:\inetpub\wwwroot\example-angular2\node_modules\zone.js
186 silly lifecycle zone.js@0.5.11~postinstall: Args: [ '/d /s /c', 'tsd install' ]
187 silly lifecycle zone.js@0.5.11~postinstall: Returned: code: 1  signal: null
188 info lifecycle zone.js@0.5.11~postinstall: Failed to exec postinstall script
189 verbose unlock done using C:\Users\sarnphamornsuwana\AppData\Roaming\npm-cache\_locks\staging-e2ec6aafdcc1105c.lock for C:\inetpub\wwwroot\example-angular2\node_modules\.staging
190 silly rollbackFailedOptional Starting
191 silly rollbackFailedOptional Finishing
192 silly runTopLevelLifecycles Finishing
193 silly install printInstalled
194 warn optional SKIPPING OPTIONAL DEPENDENCY: fsevents@^1.0.0 (node_modules\chokidar\node_modules\fsevents):
195 warn notsup SKIPPING OPTIONAL DEPENDENCY: Unsupported platform for fsevents@1.1.2: wanted {"os":"darwin","arch":"any"} (current: {"os":"win32","arch":"x64"})
196 verbose notsup SKIPPING OPTIONAL DEPENDENCY: Valid OS:    darwin
196 verbose notsup SKIPPING OPTIONAL DEPENDENCY: Valid Arch:  any
196 verbose notsup SKIPPING OPTIONAL DEPENDENCY: Actual OS:   win32
196 verbose notsup SKIPPING OPTIONAL DEPENDENCY: Actual Arch: x64
197 warn angular2-tutsplus@1.0.0 No repository field.
198 verbose If you need help, you may report this error at:
198 verbose     <https://github.com/npm/npm/issues>
199 verbose stack Error: zone.js@0.5.11 postinstall: `tsd install`
199 verbose stack Exit status 1
199 verbose stack     at EventEmitter.<anonymous> (C:\Program Files\nodejs\node_modules\npm\lib\utils\lifecycle.js:255:16)
199 verbose stack     at emitTwo (events.js:106:13)
199 verbose stack     at EventEmitter.emit (events.js:191:7)
199 verbose stack     at ChildProcess.<anonymous> (C:\Program Files\nodejs\node_modules\npm\lib\utils\spawn.js:40:14)
199 verbose stack     at emitTwo (events.js:106:13)
199 verbose stack     at ChildProcess.emit (events.js:191:7)
199 verbose stack     at maybeClose (internal/child_process.js:877:16)
199 verbose stack     at Process.ChildProcess._handle.onexit (internal/child_process.js:226:5)
200 verbose pkgid zone.js@0.5.11
201 verbose cwd C:\inetpub\wwwroot\example-angular2
202 error Windows_NT 10.0.14393
203 error argv "C:\\Program Files\\nodejs\\node.exe" "C:\\Program Files\\nodejs\\node_modules\\npm\\bin\\npm-cli.js" "install"
204 error node v6.9.2
205 error npm  v3.10.9
206 error code ELIFECYCLE
207 error zone.js@0.5.11 postinstall: `tsd install`
207 error Exit status 1
208 error Failed at the zone.js@0.5.11 postinstall script 'tsd install'.
208 error Make sure you have the latest version of node.js and npm installed.
208 error If you do, this is most likely a problem with the zone.js package,
208 error not with npm itself.
208 error Tell the author that this fails on your system:
208 error     tsd install
208 error You can get information on how to open an issue for this project with:
208 error     npm bugs zone.js
208 error Or if that isn't available, you can get their info via:
208 error     npm owner ls zone.js
208 error There is likely additional logging output above.
209 verbose exit [ 1, true ]
